[    0.000000] Linux version 4.15.0-52-generic (buildd@lgw01-md64-051) (gcc version 7.3.0 (Ubuntu 7.3.0-16ubuntu3)) #56-Ubunt SMP Tue Jun 4 22:49:08 UTC 2019 (Ubuntu 4.15.0-522.56-generic 4.15.18)
[    0.000000] Command line: BOOT_IMAGE=/boot/vmlinuz-4.15.0-52-generic root=LABEL=cloudimg-rootfs ro console=tty1 console=ttyS0
[    0.000000] KERNEL supported cpus:
[    0.000000]   Intel GenuineIntel
[    0.000000]   AMD AuthenticAMD
[    0.000000]   Centaur CentaurHauls
[    0.000000] x86/fpu: Supporting XSAVE feature 0x001: 'x87 floating point registers'
[    0.000000] x86/fpu: Supporting XSAVE feature 0x002: 'SSE registers'
[   0.000000] x86/fpu: Supporting XSAVE feature 0x04: 'AX registers'
[    0.000000] x86/fpu: xstate_offset[2]:  576, xstate_sizes[2]:  256
[    0.000000] x86/fpu: Enabled xstate features 0x7, context size is 832 bytes, using 'standard' format.
[    0.000000] e820: BIOS-provided physical RAM map:
[    0.000000] BIOS-e820: [mem 0x0000000000000000-0x000000000009fbff] usable
[    0.000000] BIOS-e820: [mem 0x000000000009fc00-0x000000000009ffff] reserved
[    0.000000 BIOS-e820: [mem 0x0000000000f0000-0x00000000000fffff] reserved
[    0.000000] BIOS-e820: [mem 0x0000000000100000-0x000000003ffeffff] usable
[    0.000000] BIOS-e820: [mem 0x000000003fff0000-0x000000003fffffff] ACPI data
[    0.000000] BIOS-e820: [mem 0x00000000fec00000-0x00000000fec00fff] reserved
[    0.000000] BIOS-e820: [mem 0x00000000fee00000-0x00000000fee00fff] reserved
[    0.000000] BIOS-e820: [mem 0x00000000fffc0000-0x00000000ffffffff] reserved
[    0.000000] NX (Execute Disable) protection: active
[    0.000000] SMBIOS 2.5 present.
[    0.000000] DMI: innotek GmbH VirtualBox/VirtuaBox, BOS VirtualBox 12/01/2006
[    0.000000] Hypervisor detected: KVM
[    0.000000] e820: last_pfn = 0x3fff0 max_arch_pfn = 0x400000000
[    0.000000] MTRR: Disabled
[   0.000000] x8/PAT: MTRRs disabled, skipping PAT initialization too.
[    0.000000] CPU MTRRs all blank - virtualized system.
[    0.000000] x86/PAT: Configuration [0-7]: WB  WT  UC- UC  WB  WT  UC- UC  
[    0.000000] found SMP MP-table at [mem 0x0009fff0-0x0009ffff] mapped at [        (ptrval)]
[    0.000000] Scanning 1 areas for low memory corruption
[   0.00000] RAMDISK: [mem 0x35a91000-0x36d3ffff]
[    0.000000] ACPI: Early table checksum verification disabled
[    0.000000] ACPI: RSDP 0x00000000000E0000 000024 (v02 VBOX  )
[    0.000000] ACPI: XSDT 0x000000003FFF0030 00003C (v01 VBOX   VBOXXSDT 00000001 ASL  00000061)
[    0.000000] ACPI: FACP 0x000000003FFF00F0 0000F4 (v04 VBOX   VBOXFACP 00000001 ASL  00000061)
[    0.000000] ACPI: DSDT 0x000000003FFF0470 0021FF (v02 VBOX   VBOXBIOS 00000002 INTL 20100528)
[    0.000000] ACPI: FACS 0x000000003FFF0200 000040
[    0.000000] ACPI: FACS 0x000000003FFF0200 000040
[    0.000000] ACPI: APIC 0x000000003FFF0240 00005C (v02 VBOX   VBOXAPIC 00000001 ASL  00000061)
[    0.000000] ACPI: SSDT 0x000000003FFF02A0 0001CC (v01 VBOX   VBOXCPUT 00000002 INTL 20100528)
[    0.000000] No NUMA configuration found
[    0.000000] Faking a node at [mem 0x0000000000000000-0x000000003ffeffff]
[    0.000000] NODE_DATA(0) allocated mem 0x3ffc5000-0x3ffeffff]
[    0.000000] kvm-clock: cpu , msr 0:3ff44001, primary cpu clock
[    0.000000] km-clock: Using msrs 4b564d01 and 4b564d00
[    0.000000] kvm-clock: using sched offset of 5129910691 cycles
[    0.000000] clocksource: kvm-clock: mask: 0xffffffffffffffff max_cycles: 0x1cd42e4dffb, max_idle_ns: 881590591483 ns
[    0.000000] Zone ranges:
[    0.000000]   DMA      [mem 0x0000000000001000-0x0000000000ffffff]
[    0.000000]   DMA32    [mem 0x0000000001000000-0x000000003ffeffff]
[    0.000000]   Normal   empty
[    0.000000]   Device   empty
[    0.000000] Movable zone start for each node
[    0.000000] Early memory node ranges
[    0.000000]   node   0: [mem 0x0000000000001000-0x000000000009efff]
[    0.000000]   node   0: [mem 0x0000000000100000-0x000000003ffeffff]
[    0.000000] Reserved but uavailable: 114 pages
[    0.000000] Initmem setup node 0 [mem 0x0000000000001000-0x000000003feffff]
[    0.000000] ACPI: PM-Timer IO Port: 0x4008
[    0.000000] IOAPIC[0]: apic_id 2, version 32, address 0xfec00000, GSI 0-23
[    0.000000] ACPI: INT_SRC_OVR (bus 0 bus_irq 0 global_irq 2 dfl dfl)
[    0.000000] ACPI: INT_SRC_OVR (bus 0 bus_irq 9 globalirq 9 low level)
[    0.000000] Using ACPI (MADT) for SMP configuuraton information
[    0.000000] smpboot: Allowing 2 CPUs, 0 hotplug CPUs
[    0.000000] PM: Registered nosave memry: mem 0x00000000-0x00000fff]
[    0.000000] PM: Registered nosave memory: [mem 0x0009f000-0x0009ffff]
[    0.000000] PM: Registered nosve memory:[mem 0x000a0000-0x000effff]
[    0.000000] PM: Registered nosave memory: [mem 0x000f0000-0x000fffff]
[    0.000000] e820: [mem 0x40000000-0xfebfffff] available for PCI devices
[    0.000000] Booting paravirtualized kernel on KVM
[    0.000000] clocksource: refined-jiffies: mask: 0xffffffff max_cycles: 0xffffffff, max_idle_ns: 7645519600211568 ns
[    0.000000] random: get_random_bytes called from start_kernel+0x990x4fd with crng_init=0
[    0.000000] setup_percpu: NR_CPUS:8192 nr_cpumask_bits:2 nr_pu_ids2 nr_ode_id:1
[    0.000000] percpu: Embedded 46 pages/cpu @        (ptrval) s151552 r8192 d28672 u1048576
[    0.000000] PV qspinlock hash table entries: 256 (order: 0, 4096 bytes)
[    0.000000] Bilt 1 zonelists, mobility grouping on.  Total pages: 25791
[    0.000000] Policy zone: DMA32
[    0.000000] Kernel command line: BOOT_IMAGE=/boot/vmlinuz-4.15.0-52-generic root=LABEL=cloudimg-rootfs ro console=ty1 cnsole=ttS0
[    0.000000] Memory: 983452K/1048120K available (12300K kernel code, 2473K rwdata, 4272K rodata, 2408K init, 2416K bss, 64668K reserved, 0 cma-rserved
[   0.00000] SUB: HWalign=64, Order=0-3, MinObjects=0, CPUs=2, odes=1
[    0.000000] Kernel/User pae tales isolaton: enabled
[    0.00000] frace: allocating 39216 entries in 154 paes
    0.004000] Hierarchical RCU mplemetation.
[    0004000] 	RCU restricting CPUs from NR_CPUS=8192 to nr_cpu_ids=2.
[    0.004000] 	Tasks RCU enabled.
[    0.004000] CU: Adjusting geometry for rcu_fanout_leaf=16, nr_cpu_ids=2
[    0.004000] NR_IRQS: 524544, nr_irqs: 440, preallocated irqs: 16
[    0.004000] Consle: coour VGA+ 80x25
[    0.04000]console [tty1] enbled
    0.004000] cnsole ttyS0] enabled
[    0.004000] ACPI: Core revision 20170831
[    0004000 ACP: 2 ACI AM table succesfully aquird and loade
[    0.004000] APIC Switch to symmetric I/O mode setup
[    0.004922] x2apic enabled
[    0.008021] Switched APIC routing to physical x2apic.
[    0.017523] ..TIMER: vector=0x30 apic1=0 pin1=2 apic2=-1 pin2=-1
[    0.020010] tsc: Detected 2712.000 MHz processor
[    0.024017] Calibrating delay loop (skipped) preset value.. 5424.00 BogoMIPS (lpj=10848000)
[    0.028040] pid_max: default: 32768 minimum: 301
[    0.032064] Security Framework initialized
[    0.036012] Yama: becoming mindful.
[    0.040112] AppArmor: AppArmor initialized
[    0.048076] Dentry cache hash table entries: 131072 (order: 8, 1048576 bytes)
[    0.052166] Inode-cache hash table entries: 65536 (order: 7, 524288 bytes)
[    0.056031] Mount-cache hash table entries: 2048 (order: 2, 16384 bytes)
[    0.060014] Mountpoint-cache hash table entries: 2048 (order: 2, 16384 bytes)
[    0.062478] mce: CPU supports 0 MCE banks
[    0.064023] Last level iTLB entries: 4KB 64, 2MB 8, 4MB 8
[    0.068035] Last level dTLB entries: 4KB 64, 2MB 0, 4MB 0, 1GB 4
[    0.072010] Spectre V2 : Mitigation: Full generic retpoline
[    0.076008] Spectre V2 : Spectre v2 / SpectreRSB mitigation: Filling RSB on context switch
[    0.080008] Speculative Store Bypass: Vulnerable
[    0.084081] MDS: Vulnerable: Clear CPU buffers attempted, no microcode
[    0.088212] Freeing SMP alternatives memory: 36K
[    0.096000] smpboot: CPU0: Intel(R) Core(TM) i5-7200U CPU @ 2.50GHz (family: 0x6, model: 0x8e, stepping: 0x9)
[    0.096119] Performance Events: unsupported p6 CPU model 142 no PMU driver, software events only.
[    0.100089] Hierarchical SRCU implementation.
[    0.102266] NMI watchdog: Perf event create on CPU 0 failed with -2
[    0.104007] NMI watchdog: Perf NMI watchdog permanently disabled
[    0.108109] smp: Bringing up secondary CPUs ...
[    0.112221] x86: Booting SMP configuration:
[    0.116009] .... node  #0, CPUs:      #1
[    0.004000] kvm-clock: cpu 1, msr 0:3ff44041, secondary cpu clock
[    0.004000] mce: CPU supports 0 MCE banks
[    0.144045] smp: Brought up 1 node, 2 CPUs
[    0.148018] smpboot: Max logical packages: 1
[    0.152015] smpboot: Total of 2 processors activated (10848.00 BogoMIPS)
[    0.160160] devtmpfs: initialized
[    0.162087] x86/mm: Memory block size: 128MB
[    0.164357] evm: security.selinux
[    0.168009] evm: security.SMACK64
[    0.172009] evm: security.SMACK64EXEC
[    0.176009] evm: security.SMACK64TRANSMUTE
[    0.180009] evm: security.SMACK64MMAP
[    0.184015] evm: security.apparmor
[    0.188009] evm: security.ima
[    0.192010] evm: security.capability
[    0.196171] clocksource: jiffies: mask: 0xffffffff max_cycles: 0xffffffff, max_idle_ns: 7645041785100000 ns
[    0.200031] futex hash table entries: 512 (order: 3, 32768 bytes)
[    0.204111] pinctrl core: initialized pinctrl subsystem
[    0.208204] RTC time: 13:13:54, date: 06/30/19
[    0.212227] NET: Registered protocol family 16
[    0.216155] audit: initializing netlink subsys (disabled)
[    0.220073] audit: type=2000 audit(1561900426.419:1): state=initialized audit_enabled=0 res=1
[    0.232029] cpuidle: using governor ladder
[    0.236025] cpuidle: using governor menu
[    0.237351] ACPI: bus type PCI registered
[    0.240010] acpiphp: ACPI Hot Plug PCI Controller Driver version: 0.5
[    0.242168] PCI: Using configuration type 1 for base access
[    0.245356] HugeTLB registered 2.00 MiB page size, pre-allocated 0 pages
[    0.248186] ACPI: Added _OSI(Module Device)
[    0.252061] ACPI: Added _OSI(Processor Device)
[    0.256018] ACPI: Added _OSI(3.0 _SCP Extensions)
[    0.257446] ACPI: Added _OSI(Processor Aggregator Device)
[    0.259142] ACPI: Added _OSI(Linux-Dell-Video)
[    0.260015] ACPI: Added _OSI(Linux-Lenovo-NV-HDMI-Audio)
[    0.264014] ACPI: Added _OSI(Linux-HPI-Hybrid-Graphics)
[    0.268395] ACPI: Executed 1 blocks of module-level executable AML code
[    0.279866] ACPI: Interpreter enabled
[    0.280059] ACPI: (supports S0 S5)
[    0.284008] ACPI: Using IOAPIC for interrupt routing
[    0.288407] PCI: Using host bridge windows from ACPI; if necessary, use "pci=nocrs" and report a bug
[    0.292343] ACPI: Enabled 2 GPEs in block 00 to 07
[    0.311558] ACPI: PCI Root Bridge [PCI0] (domain 0000 [bus 00-ff])
[    0.312028] acpi PNP0A03:00: _OSC: OS supports [ASPM ClockPM Segments MSI]
[    0.316066] acpi PNP0A03:00: _OSC: not requesting OS control; OS requires [ExtendedConfig ASPM ClockPM MSI]
[    0.320074] acpi PNP0A03:00: fail to add MMCONFIG information, can't access extended PCI configuration space under this bridge.
[    0.324887] PCI host bridge to bus 0000:00
[    0.328016] pci_bus 0000:00: root bus resource [io  0x0000-0x0cf7 window]
[    0.332017] pci_bus 0000:00: root bus resource [io  0x0d00-0xffff window]
[    0.336014] pci_bus 0000:00: root bus resource [mem 0x000a0000-0x000bffff window]
[    0.340018] pci_bus 0000:00: root bus resource [mem 0x40000000-0xfdffffff window]
[    0.344031] pci_bus 0000:00: root bus resource [bus 00-ff]
[    0.352319] pci 0000:00:01.1: legacy IDE quirk: reg 0x10: [io  0x01f0-0x01f7]
[    0.356010] pci 0000:00:01.1: legacy IDE quirk: reg 0x14: [io  0x03f6]
[    0.357957] pci 0000:00:01.1: legacy IDE quirk: reg 0x18: [io  0x0170-0x0177]
[    0.360011] pci 0000:00:01.1: legacy IDE quirk: reg 0x1c: [io  0x0376]
[    0.387590] pci 0000:00:07.0: quirk: [io  0x4000-0x403f] claimed by PIIX4 ACPI
[    0.388041] pci 0000:00:07.0: quirk: [io  0x4100-0x410f] claimed by PIIX4 SMB
[    0.408525] ACPI: PCI Interrupt Link [LNKA] (IRQs 5 9 10 *11)
[    0.412482] ACPI: PCI Interrupt Link [LNKB] (IRQs 5 9 *10 11)
[    0.416223] ACPI: PCI Interrupt Link [LNKC] (IRQs 5 *9 10 11)
[    0.420293] ACPI: PCI Interrupt Link [LNKD] (IRQs 5 9 10 *11)
[    0.428583] SCSI subsystem initialized
[    0.432110] pci 0000:00:02.0: vgaarb: setting as boot VGA device
[    0.436000] pci 0000:00:02.0: vgaarb: VGA device added: decodes=io+mem,owns=io+mem,locks=none
[    0.436017] pci 0000:00:02.0: vgaarb: bridge control possible
[    0.440012] vgaarb: loaded
[    0.444133] ACPI: bus type USB registered
[    0.445440] usbcore: registered new interface driver usbfs
[    0.448043] usbcore: registered new interface driver hub
[    0.449925] usbcore: registered new device driver usb
[    0.452155] EDAC MC: Ver: 3.0.0
[    0.460047] PCI: Using ACPI for IRQ routing
[    0.464530] NetLabel: Initializing
[    0.468009] NetLabel:  domain hash size = 128
[    0.472005] NetLabel:  protocols = UNLABELED CIPSOv4 CALIPSO
[    0.476036] NetLabel:  unlabeled traffic allowed by default
[    0.477767] clocksource: Switched to clocksource kvm-clock
[    0.534281] VFS: Disk quotas dquot_6.6.0
[   .56859] VFS: Dqt-ace as tbl etres 52 order 0, 4096 byte)
[    1.106216] AppArmor: AppArmor Filesystem Enabled
[    1.113072] pnp: PnP ACPI init
[   1.118477] pnp: PnP ACPI: found 3 devices

[   .11819]cloksource: acpi_pm: mask: 0xffffff max_cycles: 0xffffff, max_idle_ns: 2085701024 ns[    1.457990] NET: Registered protoolfaily 2

[   1.0089 TP stblshd ash table entries: 8192 (order: 4, 65536 bytes)

[    1.912231] TCP bind hash table enris:812 orde: 5, 131072 bytes)
[    2.184925] TCP: Hash tables configured (established 8192 bind81)
[   2316]UDP hah able entries: 512 (order: 2 16384byes
    .891384] UDP-Lite hash tle entries: 512 (order: 2,1684 bytes)
[   .19944] NET: Registered protocol family 1
[   3.298107] pci 0000:00:00.0: Limiting direct PCI/PCI transfers
[    .37378] pci 0000:00:01.0: Activatng ISA DMA hang workarounds
[   .443238] pci 0000:00:02.0: Vde dvie it shadowe ROM at [mem 0x000c0000-0x000dffff
[    3.8186] npckngintrfs..

[    4.600747] Freeing initrd memory: 19132K
[    4.610423] clocksource: tsc: mask: 0xffffffffffffffff max_cycles: 0x2717868ea45, max_idle_ns: 440795316085 ns
[    4.626989] platform rtc_cmos: registered platform RTC device (no PNP device found)
[    4.665901] Scanning for low memory corruption every 60 seconds
[    4.682537] Initialise system trusted keyrings
[    4.698541] Key type blacklist registered
[    4.716541] workingset: timestamp_bits=36 max_order=18 bucket_order=0
[    4.747246] zbud: loaded
[    4.767265] squashfs: version 4.0 (2009/01/31) Phillip Lougher
[    4.771295] fuse init (API version 7.26)
[    4.790726] Key type asymmetric registered
[    4.793602] Asymmetric key parser 'x509' registered
[    4.798625] Block layer SCSI generic (bsg) driver version 0.4 loaded (major 246)
[    4.827156] io scheduler noop registered
[    4.830356] io scheduler deadline registered
[    4.833625] io scheduler cfq registered (default)
[    4.850793] ACPI: AC Adapter [AC] (off-line)
[    4.858488] input: Power Button as /devices/LNXSYSTM:00/LNXPWRBN:00/input/input0
[    4.871438] ACPI: Power Button [PWRF]
[    4.881052] input: Sleep Button as /devices/LNXSYSTM:00/LNXSLPBN:00/input/input1
[    4.903915] ACPI: Sleep Button [SLPF]
[    4.911611] ACPI: Battery Slot [BAT0] (battery present)
[    4.924582] Serial: 8250/16550 driver, 32 ports, IRQ sharing enabled
[    4.975489] 00:02: ttyS0 at I/O 0x3f8 (irq = 4, base_baud = 115200) is a 16550A
[    5.010515] Linux agpgart interface v0.103
[    5.019687] loop: module loaded
[    5.050736] scsi host0: ata_piix
[    5.065193] scsi host1: ata_piix
[    5.100957] ata1: PATA max UDMA/33 cmd 0x1f0 ctl 0x3f6 bmdma 0xd000 irq 14
[    5.119535] ata2: PATA max UDMA/33 cmd 0x170 ctl 0x376 bmdma 0xd008 irq 15
[    5.142370] libphy: Fixed MDIO Bus: probed
[    5.212943] tun: Universal TUN/TAP device driver, 1.6
[    5.302698] PPP generic driver version 2.4.2
[    5.330675] ehci_hcd: USB 2.0 'Enhanced' Host Controller (EHCI) Driver
[    5.380571] ehci-pci: EHCI PCI platform driver
[    5.430438] ehci-platform: EHCI generic platform driver
[    5.471052] ohci_hcd: USB 1.1 'Open' Host Controller (OHCI) Driver
[    5.473829] ohci-pci: OHCI PCI platform driver
[   5.479080] ohci-platform: OHCI generc laform driver
[    5.612406] uhci_hcd: USB Universal Host Controller Interface driver
[    5.633291] i8042: PNP: PS/2 Controller [PNP0303:PS2K,PNP0f03:PS2M] at 0x60,0x64 irq 1,12
[    5.636805] serio: i8042 KBD port at 0x60,0x64 irq 1
[    5.649889] serio: i8042 AUX port at 0x60,0x64 irq 12
[    5.675057] mousedev: PS/2 mouse device common for all mice
[    5.678007] input: AT Translated Set 2 keyboard as /devices/platform/i8042/serio0/input/input2
[    5.680214] rtc_cmos rtc_cmos: rtc core: registered rtc_cmos as rtc0
[    5.680318] rtc_cmos rtc_cmos: alarms up to one day, 114 bytes nvram
[    5.680335] i2c /dev entries driver
[    5.680422] device-mapper: uevent: version 1.0.3
[    5.680519] device-mapper: ioctl: 4.37.0-ioctl (2017-09-20) initialised: dm-devel@redhat.com
[    5.818306] ledtrig-cpu: registered to indicate activity on CPUs
[    5.826517] NET: Registered protocol family 10
[    5.834196] Segment Routing with IPv6
[    5.841479] NET: Registered protocol family 17
[    5.851344] Key type dns_resolver registered
[    5.855780] RAS: Correctable Errors collector initialized.
[    5.880169] sched_clock: Marking stable (5880088592, 0)->(22396780929, -16516692337)
[    5.882697] registered taskstats version 1
[    5.893702] Loading compiled-in X.509 certificates
[    5.908208] Loaded X.509 cert 'Build time autogenerated kernel key: 090ea8f218b1de455a55c926855dfde92833e981'
[    5.933671] zswap: loaded using pool lzo/zbud
[    5.950858] Key type big_key registered
[    5.958968] Key type trusted registered
[    5.964224] Key type encrypted registered
[    5.973496] AppArmor: AppArmor sha1 policy hashing enabled
[    5.976308] ima: No TPM chip found, activating TPM-bypass! (rc=-19)
[    5.978320] ima: Allocated hash algorithm: sha1
[    5.984510] evm: HMAC attrs: 0x1
[    5.985935]   Magic number: 7:800:231
[    5.998736] rtc_cmos rtc_cmos: setting system clock to 2019-06-30 13:14:01 UTC (1561900441)
[    6.001544] BIOS EDD facility v0.16 2004-Jun-25, 0 devices found
[    6.005954] EDD information not available.
[    6.019086] Freeing unused kernel image memory: 2408K
[    6.044715] Write protecting the kernel read-only data: 20480k
[    6.066591] Freeing unused kernel image memory: 2008K
[    6.076204] Freeing unused kernel image memory: 1872K
[    6.097446] x86/mm: Checked W+X mappings: passed, no W+X pages found.
[    6.106329] x86/mm: Checking user space page tables
[    6.125973] x86/mm: Checked W+X mappings: passed, no W+X pages found.
Loading, please wait...
starting version 237
[    6.254375] e1000: Intel(R) PRO/1000 Network Driver - version 7.3.21-k8-NAPI
[    6.274034] e1000: Copyright (c) 1999-2006 Intel Corporation.
[    6.304382] Fusion MPT base driver 3.04.20
[    6.315586] Copyright (c) 1999-2008 LSI Corporation
[    6.357016] AVX2 version of gcm_enc/dec engaged.
[    6.359590] AES CTR mode by8 optimization enabled
[    6.364971] Fusion MPT SPI Host driver 3.04.20
[    6.461970] input: ImExPS/2 Generic Explorer Mouse as /devices/platform/i8042/serio1/input/input4
[    6.778387] e1000 0000:00:03.0 eth0: (PCI:33MHz:32-bit) 02:3b:4e:3f:5a:8d
[    8.146478] e1000 0000:00:03.0 eth0: Intel(R) PRO/1000 Network Connection
[    8.177216] mptbase: ioc0: Initiating bringup
[    8.276814] ioc0: LSI53C1030 A0: Capabilities={Initiator}
[    8.531494] scsi host2: ioc0: LSI53C1030 A0, FwRev=00000000h, Ports=1, MaxQ=256, IRQ=20
[    8.717112] scsi 2:0:0:0: Direct-Access     VBOX     HARDDISK         1.0  PQ: 0 ANSI: 5
[    8.776278] scsi target2:0:0: Beginning Domain Validation
[    8.783490] scsi target2:0:0: Domain Validation skipping write tests
[    8.787107] scsi target2:0:0: Ending Domain Validation
[    8.792511] scsi target2:0:0: asynchronous
[    8.797130] scsi 2:0:1:0: Direct-Access     VBOX     HARDDISK         1.0  PQ: 0 ANSI: 5
[    9.164070] scsi target2:0:1: Beginning Domain Validation
[    9.190569] random: fast init done
[    9.195207] scsi target2:0:1: Domain Validation skipping write tests
[    9.224071] scsi target2:0:1: Ending Domain Validation
[    9.234665] scsi target2:0:1: asynchronous
[    9.246697] random: systemd-udevd: uninitialized urandom read (16 bytes read)
[    9.246857] sd 2:0:0:0: Attached scsi generic sg0 type 0
[    9.247124] sd 2:0:1:0: Attached scsi generic sg1 type 0
[    9.278756] random: systemd-udevd: uninitialized urandom read (16 bytes read)
[    9.282964] random: systemd-udevd: uninitialized urandom read (16 bytes read)
[    9.287018] sd 2:0:0:0: [sda] 20971520 512-byte logical blocks: (10.7 GB/10.0 GiB)
[    9.294145] e1000 0000:00:08.0 eth1: (PCI:33MHz:32-bit) 08:00:27:74:97:be
[    9.294153] e1000 0000:00:08.0 eth1: Intel(R) PRO/1000 Network Connection
[    9.327635] sd 2:0:1:0: [sdb] 20480 512-byte logical blocks: (10.5 MB/10.0 MiB)
[    9.393427] e1000 0000:00:08.0 enp0s8: renamed from eth1
[    9.396845] sd 2:0:0:0: [sda] Write Protect is off
[    9.412753] sd 2:0:1:0: [sdb] Write Protect is off
[    9.419082] sd 2:0:0:0: [sda] Incomplete mode parameter data
[    9.419084] sd 2:0:0:0: [sda] Assuming drive cache: write through
[    9.422563]  sda: sda1
[    9.423668] sd 2:0:0:0: [sda] Attached SCSI disk
[    9.446909] e1000 0000:00:03.0 enp0s3: renamed from eth0
[    9.448577] sd 2:0:1:0: [sdb] Incomplete mode parameter data
[    9.448580] sd 2:0:1:0: [sdb] Assuming drive cache: write through
[    9.452326] sd 2:0:1:0: [sdb] Attached SCSI disk
Begin: Loading essential drivers ... [   11.752177] raid6: sse2x1   gen()  3523 MB/s
[   11.804249] raid6: sse2x1   xor()  3491 MB/s
[   11.872235] raid6: sse2x2   gen()  5567 MB/s
[   11.920125] raid6: sse2x2   xor()  4902 MB/s
[   12.016292] raid6: sse2x4   gen()  4061 MB/s
[   12.084055] raid6: sse2x4   xor()  2823 MB/s
[   12.160401] raid6: avx2x1   gen()  6863 MB/s
[   12.220460] raid6: avx2x1   xor()  4930 MB/s
[   12.320129] raid6: avx2x2   gen() 10728 MB/s
[   12.376182] raid6: avx2x2   xor()  6322 MB/s
[   12.444116] raid6: avx2x4   gen() 15424 MB/s
[   12.516022] raid6: avx2x4   xor()  9708 MB/s
[   12.534135] raid6: using algorithm avx2x4 gen() 15424 MB/s
[   12.573064] raid6: .... xor() 9708 MB/s, rmw enabled
[   12.589570] raid6: using avx2x2 recovery algorithm
[   12.596476] xor: automatically using best checksumming function   avx       
[   12.604971] async_tx: api initialized (async)
done.
Begin: Running /scripts/init-premount ... done.
Begin: Mounting root file system ... Begin: Running /scripts/local-top ... done.
Begin: Running /scripts/local-premount ... [   12.741660] Btrfs loaded, crc32c=crc32c-intel
Scanning for Btrfs filesystems
done.
Warning: fsck no[   12.797162] EXT4-fs (sda1): mounted filesystem with ordered data mode. Opts: (null)
t present, so skipping root file system
done.
Begin: Running /scripts/local-bottom ... done.
Begin: Running /scripts/init-bottom ... done.
[   13.087499] ip_tables: (C) 2000-2006 Netfilter Core Team
[   13.116002] systemd[1]: systemd 237 running in system mode. (+PAM +AUDIT +SELINUX +IMA +APPARMOR +SMACK +SYSVINIT +UTMP +LIBCRYPTSETUP +GCRYPT +GNUTLS +ACL +XZ +LZ4 +SECCOMP +BLKID +ELFUTILS +KMOD -IDN2 +IDN -PCRE2 default-hierarchy=hybrid)
[   13.150116] systemd[1]: Detected virtualization oracle.
[   13.167508] systemd[1]: Detected architecture x86-64.

Welcome to [1mUbuntu 18.04.2 LTS[0m!

[   13.209558] systemd[1]: Set hostname to <ubuntu-bionic>.
[   13.714027] systemd[1]: Created slice User and Session Slice.
[[0;32m  OK  [0m] Created slice User and Session Slice.
[   14.356941] systemd[1]: Started Forward Password Requests to Wall Directory Watch.
[[0;32m  OK  [0m] Started Forward Password Requests to Wall Directory Watch.
[   15.748724] systemd[1]: Reached target User and Group Name Lookups.
[[0;32m  OK  [0m] Reached target User and Group Name Lookups.
[   16.737526] systemd[1]: Set up automount Arbitrary Executable File Formats File System Automount Point.
[[0;32m  OK  [0m] Set up automount Arbitrary Executab…rmats File System Automount Point.
[   19.380486] systemd[1]: Reached target System Time Synchronized.
[[0;32m  OK  [0m] Reached target System Time Synchronized.
[   20.372409] systemd[1]: Reached target Swap.
[[0;32m  OK  [0m] Reached target Swap.
[   20.637376] systemd[1]: Created slice System Slice.
[[0;32m  OK  [0m] Created slice System Slice.
[   21.411897] systemd[1]: Reached target Slices.
[[0;32m  OK  [0m] Reached target Slices.
[   21.423487] systemd[1]: Listening on Device-mapper event daemon FIFOs.
[[0;32m  OK  [0m] Listening on Device-mapper event daemon FIFOs.
[   23.916555] systemd[1]: Listening on Syslog Socket.
[[0;32m  OK  [0m] Listening on Syslog Socket.
[   23.939688] systemd[1]: Created slice system-serial\x2dgetty.slice.
[[0;32m  OK  [0m] Created slice system-serial\x2dgetty.slice.
[   24.004866] systemd[1]: Listening on LVM2 metadata daemon socket.
[[0;32m  OK  [0m] Listening on LVM2 metadata daemon socket.
[   24.046280] systemd[1]: Listening on Network Service Netlink Socket.
[[0;32m  OK  [0m] Listening on Network Service Netlink Socket.
[   24.079341] systemd[1]: Listening on Journal Audit Socket.
[[0;32m  OK  [0m] Listening on Journal Audit Socket.
[[0;32m  OK  [0m] Listening on LVM2 poll daemon socket.
[[0;32m  OK  [0m] Listening on Journal Socket (/dev/log).
[[0;32m  OK  [0m] Listening on /dev/initctl Compatibility Named Pipe.
[[0;32m  OK  [0m] Listening on udev Kernel Socket.
[[0;32m  OK  [0m] Listening on udev Control Socket.
[[0;32m  OK  [0m] Listening on Journal Socket.
         Starting Uncomplicated firewall...
         Starting Remount Root and Kernel File Systems...[   24.397244] EXT4-fs (sda1): re-mounted. Opts: (null)

[   24.479899] systemd[1]: Starting Journal Service...
         Starting Journal Service...
[   24.518590] systemd[1]: Mounting Huge Pages File System...
         Mounting Huge Pages File System...
[   24.596187] systemd[1]: Starting Create list of required static device nodes for the current kernel...
         Starting Create list of required st…ce nodes for the current kernel...
[   24.679213] systemd[1]: Mounting Kernel Debug File System...
         Mounting Kernel Debug File System...
[   24.708560] systemd[1]: Starting Set the console keyboard layout...
         Starting Set the console keyboard layout...
[   24.743906] systemd[1]: Starting Monitoring of LVM2 mirrors, snapshots etc. using dmeventd or progress polling...
[   24.776758] random: crng init done
[   24.776761] random: 7 urandom warning(s) missed due to ratelimiting
         Starting Monitoring of LVM2 mirrors…ng dmeventd or progress polling...
[   24.851065] systemd[1]: Starting udev Coldplug all Devices...
         Starting udev Coldplug all Devices...
[   24.912131] systemd[1]: Mounting POSIX Message Queue File System...
         Mounting POSIX Message Queue File System...
[   24.946921] systemd[1]: Starting Load Kernel Modules...
         Starting Load Kernel Mo[   24.974539] Loading iSCSI transport class v2.0-870.
dules...
[   24.986248] iscsi: registered transport (tcp)
[   24.995889] systemd[1]: Started Journal Service.
[[0;32m  OK  [0m] Started Journal Service.
[[0;32m  OK  [0m] Started Uncomplicated firewall.
[[0;32m  OK  [0m] Started Remount Root and Kernel File Systems.
[[0;32m  OK  [0m] Mounted Huge Pages File System.
[[0;32m  OK  [0m] Started Create list of required sta…vice nodes[   25.091053] iscsi: registered transport (iser)
 for the current kernel.
[[0;32m  OK  [0m] Mounted Kernel Debug File System.
[[0;32m  OK  [0m] Mounted POSIX Message Queue File System.
[[0;32m  OK  [0m] Started Load Kernel Modules.
[[0;32m  OK  [0m] Started LVM2 metadata daemon.
         Mounting Kernel Configuration File System...
         Starting Apply Kernel Variables...
         Mounting FUSE Control File System...
         Starting Create Static Device Nodes in /dev...
         Starting Load/Save Random Seed...
         Starting Flush Journal to Persistent Storage...
[[0;32m  OK  [0m] Started Monitoring of LVM2 mirrors,…sing dmeventd or progress polling.
[[0;32m  OK  [0m] Started udev Coldplug all Devices.
[[0;32m  OK  [0m] Mounted Kernel Configuration File System.
[[0;32m  OK  [0m] Started Apply Kernel Variables.
[[0;32m  OK  [0m] Mounted FUSE Control File System.
[[0;32m  OK  [0m] Started Create Static Device Nodes in /dev.
[[0;32m  OK  [0m] Started Load/Save Random Seed.
         Starting udev Kernel Device Manager...
[[0;32m  OK  [0m] Started udev Kernel Device Manager.
[[0;32m  OK  [0m] Started Flush Journal to Persistent Storage.
[[0;32m  OK  [0m] Found device /dev/ttyS0.
[[0;32m  OK  [0m] Listening on Load/Save RF Kill Switch Status /dev/rfkill Watch.
[[0;32m  OK  [0m] Started Set the console keyboard layout.
[[0;32m  OK  [0m] Started Dispatch Password Requests to Console Directory Watch.
[[0;32m  OK  [0m] Reached target Local Encrypted Volumes.
[[0;32m  OK  [0m] Reached target Local File Systems (Pre).
[[0;32m  OK  [0m] Reached target Local File Systems.
         Starting Tell Plymouth To Write Out Runtime Data...
         Starting ebtables ruleset management...
         Starting AppArmor initialization...
         Starting Set console font and keymap...
         Starting Create Volatile Files and Directories...
[[0;32m  OK  [0m] Started Tell Plymouth To Write Out Runtime Data.
[[0;32m  OK  [0m] Started Set console font and keymap.
[[0;32m  OK  [0m] Started Create Volatile Files and Directories.
         Starting Update UTMP about System Boot/Shutdown...
[[0;32m  OK  [0m] Started Update UTMP about System Boot/Shutdown.
[[0;32m  OK  [0m] Started ebtables ruleset management.
[[0;32m  OK  [0m] Started AppArmor initialization.
         Starting Initial cloud-init job (pre-networking)...
[   30.901434] cloud-init[615]: Cloud-init v. 19.1-1-gbaa47854-0ubuntu1~18.04.1 running 'init-local' at Sun, 30 Jun 2019 13:14:25 +0000. Up 30.25 seconds.
[[0;32m  OK  [0m] Started Initial cloud-init job (pre-networking).
[[0;32m  OK  [0m] Reached target Network (Pre).
         Starting Network Service...
[[0;32m  OK  [0m] Started Network Service.
         Starting Network Name Resolution...
         Starting Wait for Network to be Configured...
[[0;32m  OK  [0m] Started Network Name Resolution.
[[0;32m  OK  [0m] Reached target Host and Network Name Lookups.
[[0;32m  OK  [0m] Reached target Network.
[[0;32m  OK  [0m] Started Wait for Network to be Configured.
         Starting Initial cloud-init job (metadata service crawler)...
[   35.552896] cloud-init[740]: Cloud-init v. 19.1-1-gbaa47854-0ubuntu1~18.04.1 running 'init' at Sun, 30 Jun 2019 13:14:30 +0000. Up 34.87 seconds.
[   35.616588] cloud-init[740]: ci-info: ++++++++++++++++++++++++++++++++++++++Net device info+++++++++++++++++++++++++++++++++++++++
[   35.668518] cloud-init[740]: ci-info: +--------+------+-----------------------------+---------------+--------+-------------------+
[   35.720368] cloud-init[740]: ci-info: | Device |  Up  |           Address           |      Mask     | Scope  |     Hw-Address    |
[   35.784717] cloud-init[740]: ci-info: +--------+------+-----------------------------+---------------+--------+-------------------+
[   35.824686] cloud-init[740]: ci-info: | enp0s3 | True |          10.0.2.15          | 255.255.255.0 | global | 02:3b:4e:3f:5a:8d |
[   35.829824] cloud-init[740]: ci-info: | enp0s3 | True |  fe80::3b:4eff:fe3f:5a8d/64 |       .       |  link  | 02:3b:4e:3f:5a:8d |
[   35.888413] cloud-init[740]: ci-info: | enp0s8 | True |        192.168.33.10        | 255.255.255.0 | global | 08:00:27:74:97:be |
[   35.944810] cloud-init[740]: ci-info: | enp0s8 | True | fe80::a00:27ff:fe74:97be/64 |       .       |  link  | 08:00:27:74:97:be |
[   35.990676] cloud-init[740]: ci-info: |   lo   | True |          127.0.0.1          |   255.0.0.0   |  host  |         .         |
[[   36.036796] cloud-init[740]: ci-info: |   lo   | True |           ::1/128           |       .       |  host  |         .         |
[   36.037319] cloud-init[740]: ci-info: +--------+------+-----------------------------+---------------+--------+-------------------+
[0;32m  OK  [0m] Started Initial cloud-init job (metadata service crawler).
[   36.037529] cloud-init[740]: ci-info: +++++++++++++++++++++++++++++Route IPv4 info+++++++++++++++++++++++++++++
[[   36.146153] cloud-init[740]: ci-info: +-------+--------------+----------+-----------------+-----------+-------+
[   36.146593] cloud-init[740]: ci-info: | Route | Destination  | Gateway  |     Genmask     | Interface | Flags |
[0;32m  OK  [0m] Reached target Network is Online.
[   36.147092] cloud-init[740]: ci-info: +-------+--------------+----------+-----------------+-----------+-------+
[[   36.329205] cloud-init[740]: ci-info: |   0   |   0.0.0.0    | 10.0.2.2 |     0.0.0.0     |   enp0s3  |   UG  |
[   36.329733] cloud-init[740]: ci-info: |   1   |   10.0.2.0   | 0.0.0.0  |  255.255.255.0  |   enp0s3  |   U   |
[0;32m  OK  [0m] Reached target Remote File Systems (Pre).
[   36.330520] cloud-init[740]: ci-info: |   2   |   10.0.2.2   | 0.0.0.0  | 255.255.255.255 |   enp0s3  |   UH  |
[[0;32m  OK  [0m] Reached target Remote File Systems.
[   36.445296] cloud-init[740]: ci-info: |   3   | 192.168.33.0 | 0.0.0.0  |  255.255.255.0  |   enp0s8  |   U   |
         [   36.588784] Starting Availability of block devices...cloud-init
[740]: ci-info: +-------+--------------+----------+-----------------+-----------+-------+
[[0;32m  OK  [0m[   36.652891] cloud-init[740]: ci-info: +++++++++++++++++++Route IPv6 info+++++++++++++++++++
[   36.656340] cloud-init[740]: ci-info: +-------+-------------+---------+-----------+-------+
] Reached target System Initialization.
[   36.658061] clood-init[740]: ci-info: | Route | Destination | Gateway | Interface | Flags |
         Starting LXD - unix socket.[   36.810142] 
cloud-init[740]: ci-info: +-------+-------------+---------+-----------+-------+
[[   36.867885] cloud-init[740]: ci-info: |   1   |  fe80::/64  |    ::   |   enp0s8  |   U   |
[   36.868313] cloud-init[740]: ci-info: |   2   |  fe80::/64  |    ::   |   enp0s3  |   U   |
[0;32m  OK  [0m] Listening on D-Bus System Message Bus Socket.
[   36.868452] cloud-init[740]: ci-info: |   4   |    local    |    ::   |   enp0s3  |   U   |
[   37.052384] cloud-init[740]: ci-info: |   5   |    local    |    ::   |   enp0s8  |   U   |
[   37.058673] cloud-init[740]: ci-info: |   6   |   ff00::/8  |    ::   |   enp0s8  |   U   |
[[   37.110698] cloud-init[740]: ci-info: |   7   |   ff00::/8  |    ::   |   enp0s3  |   U   |
[   37.111227] cloud-init[740]: ci-info: +-------+-------------+---------+-----------+-------+
[0;32m  OK  [0m] Listening on UUID daemon activation socket.
[[0;32m  OK  [0m] Started Discard unused blocks once a week.
[[0;32m  OK  [0m] Started Daily apt download activities.
[[0;32m  OK  [0m] Listening on Open-iSCSI iscsid Socket.
[[0;32m  OK  [0m] Started Message of the Day.
         Starting Socket activation for snappy daemon.
[[0;32m  OK  [0m] Started ACPI Events Check.
[[0;32m  OK  [0m] Reached target Paths.
[[0;32m  OK  [0m] Started Daily Cleanup of Temporary Directories.
[[0;32m  OK  [0m] Started Daily apt upgrade and clean activities.
[[0;32m  OK  [0m] Reached target Timers.
[[0;32m  OK  [0m] Listening on ACPID Listen Socket.
[[0;32m  OK  [0m] Reached target Cloud-config availability.
[[0;32m  OK  [0m] Started Availability of block devices.
[[0;32m  OK  [0m] Listening on LXD - unix socket.
[[0;32m  OK  [0m] Listening on Socket activation for snappy daemon.
[[0;32m  OK  [0m] Reached target Sockets.
[[0;32m  OK  [0m] Reached target Basic System.
         Starting vboxadd.service...
         Starting System Logging Service...
[[0;32m  OK  [0m] Started Regular background program processing daemon.
[[0;32m  OK  [0m] Started D-Bus System Message Bus.
[[0;32m  OK  [0m] Started irqbalance daemon.
         Starting LSB: Record successful boot for GRUB...
         Starting Accounts Service...
         Starting Permit User Sessions...
         Starting LXD - container startup/shutdown...
         Starting Login Service...
         Starting Dispatcher daemon for systemd-networkd...
[[0;32m  OK  [0m] Started FUSE filesystem for LXC.
         Starting OpenBSD Secure Shell server...
         Starting Snappy daemon...
         Starting LSB: automatic crash report generation...
[[0;32m  OK  [0m] Started Deferred execution scheduler.
[[0;32m  OK  [0m] Started System Logging Service.
[[0;32m  OK  [0m] Started vboxadd.service.
[[0;32m  OK  [0m] Started Permit User Sessions.
[[0;32m  OK  [0m] Started LXD - container startup/shutdown.
[[0;32m  OK  [0m] Started OpenBSD Secure Shell server.
[[0;32m  OK  [0m] Started Login Service.
[[0;32m  OK  [0m] Started Unattended Upgrades Shutdown.
         Starting Authorization Manager...
         Starting Terminate Plymouth Boot Screen...
         Starting Hold until boot process finishes up...
         Starting vboxadd-service.service...
[[0;32m  OK  [0m] Started Dispatcher daemon for systemd-networkd.
[[0;32m  OK  [0m] Started LSB: Record successful boot for GRUB.
[[0;32m  OK  [0m] Started Snappy daemon.
[[0;32m  OK  [0m] Started LSB: automatic crash report generation.
[[0;32m  OK  [0m] Started Terminate Plymouth Boot Screen.
[[0;32m  OK  [0m] Started Hold until boot process finishes up.
[[0;32m  OK  [0m] Started vboxadd-service.service.
[[0;32m  OK  [0m] Started Authorization Manager.
[[0;32m  OK  [0m] Started Accounts Service.
[[0;32m  OK  [0m] Started Serial Getty on ttyS0.
         Starting Set console scheme...
         Starting Wait until snapd is fully seeded...
[[0;32m  OK  [0m] Started Set console scheme.
[[0;32m  OK  [0m] Created slice system-getty.slice.
[[0;32m  OK  [0m] Started Getty on tty1.
[[0;32m  OK  [0m] Reached target Login Prompts.
[[0;32m  OK  [0m] Started Wait until snapd is fully seeded.
         Starting Apply the settings specified in cloud-config...
[[0;32m  OK  [0m] Reached target Multi-User System.
[[0;32m  OK  [0m] Reached target Graphical Interface.
         Starting Update UTMP about System Runlevel Changes...
[[0;32m  OK  [0m] Started Update UTMP about System Runlevel Changes.
[[0;32m  OK  [0m] Created slice User Slice of vagrant.
         Starting User Manager for UID 1000...
[[0;32m  OK  [0m] Started Session 1 of user vagrant.
[[0;32m  OK  [0m] Started User Manager for UID 1000.
[   41.561036] cloud-init[1145]: Cloud-init v. 19.1-1-gbaa47854-0ubuntu1~18.04.1 running 'modules:config' at Sun, 30 Jun 2019 13:14:36 +0000. Up 41.13 seconds.
[[0;32m  OK  [0m] Started Apply the settings specified in cloud-config.
         Starting Execute cloud user/final scripts...
[   43.839425] cloud-init[1247]: Cloud-init v. 19.1-1-gbaa47854-0ubuntu1~18.04.1 running 'modules:final' at Sun, 30 Jun 2019 13:14:38 +0000. Up 43.37 seconds.
[   43.950005] cloud-init[1247]: Cloud-init v. 19.1-1-gbaa47854-0ubuntu1~18.04.1 finished at Sun, 30 Jun 2019 13:14:39 +0000. Datasource DataSourceNoCloud [seed=/dev/sdb][dsmode=net].  Up 43.80 seconds
[[0;32m  OK  [0m] Started Execute cloud user/final scripts.
[[0;32m  OK  [0m] Reached target Cloud-init target.

Ubuntu 18.04.2 LTS ubuntu-bionic ttyS0

ubuntu-bionic login: [[0;32m  OK  [0m] Stopped targe         Stopping LXD - container startup/shutdown...
         Stopping vboxadd-service.service...
         Stopping Dispatcher daemon for systemd-networkd...
         Stopping LSB: automatic crash report generation...
         Stopping OpenBSD Secure Shell server...
[[0;32m  OK  [0m] Stopped Apply the settings specified in cloud-config.
[[0;32m  OK  [0m] Stopped Wait until snapd is fully seeded.
[[0;32m  OK  [0m] Stopped target Network is Online.
[[0;32m  OK  [0m] Stopped target Cloud-config availability.
         Stopping LSB: Record successful boot for GRUB...
[[0;32m  OK  [0m] Stopped Daily Cleanup of Temporary Directories.
         Stopping D-Bus System Message Bus...
         Stopping Session 14 of user vagrant.
[[0;32m  OK  [0m] Unmounted /var/lib/lxcfs.
[[0;32m  OK  [0m] Stopped System Logging Service.
[[0;32m  OK  [0m] Stopped Regular background program processing daemon.
[[0;32m  OK  [0m] Stopped irqbalance daemon.
[[0;32m  OK  [0m] Stopped Accounts Service.
[[0;32m  OK  [0m] Stopped Dispatcher daemon for systemd-networkd.
[[0;32m  OK  [0m] Stopped Deferred execution scheduler.
[[0;32m  OK  [0m] Stopped OpenBSD Secure Shell server.
[[0;32m  OK  [0m] Stopped Unattended Upgrades Shutdown.
[[0;32m  OK  [0m] Stopped Authorization Manager.
[[0;32m  OK  [0m] Stopped Serial Getty on ttyS0.
[[0;32m  OK  [0m] Stopped Getty on tty1.
[[0;32m  OK  [0m] Stopped User Manager for UID 1000.
[[0;32m  OK  [0m] Stopped Availability of block devices.
[[0;32m  OK  [0m] Stopped vboxadd-service.service.
[[0;32m  OK  [0m] Stopped D-Bus System Message Bus.
[[0;32m  OK  [0m] Stopped FUSE filesystem for LXC.
[[0;32m  OK  [0m] Stopped Session 3 of user vagrant.
[[0;32m  OK  [0m] Stopped Session 14 of user vagrant.
         Stopping vboxadd.service...
[[0;32m  OK  [0m] Removed slice User Slice of vagrant.
[[0;32m  OK  [0m] Removed slice system-getty.slice.
         Stopping Permit User Sessions...
[[0;32m  OK  [0m] Removed slice system-serial\x2dgetty.slice.
         Stopping Login Service...
[[0;32m  OK  [0m] Unmounted /vagrant.
[[0;32m  OK  [0m] Stopped LXD - container startup/shutdown.
[[0;32m  OK  [0m] Stopped LSB: automatic crash report generation.
[[0;32m  OK  [0m] Stopped Login Service.
[[0;32m  OK  [0m] Stopped LSB: Record successful boot for GRUB.
[[0;32m  OK  [0m] Stopped vboxadd.service.
[[0;32m  OK  [0m] Stopped Permit User Sessions.
[[0;32m  OK  [0m] Stopped target Network.
         Stopping Network Name Resolution...
[[0;32m  OK  [0m] Stopped target User and Group Name Lookups.
[[0;32m  OK  [0m] Stopped target Remote File Systems.
[[0;32m  OK  [0m] Stopped target Remote File Systems (Pre).
[[0;32m  OK  [0m] Stopped target Basic System.
[[0;32m  OK  [0m] Stopped target Paths.
[[0;32m  OK  [0m] Stopped ACPI Events Check.
[[0;32m  OK  [0m] Stopped target Sockets.
[[0;32m  OK  [0m] Closed UUID daemon activation socket.
[[0;32m  OK  [0m] Closed ACPID Listen Socket.
[[0;32m  OK  [0m] Closed Open-iSCSI iscsid Socket.
[[0;32m  OK  [0m] Closed LXD - unix socket.
[[0;32m  OK  [0m] Closed Socket activation for snappy daemon.
[[0;32m  OK  [0m] Closed D-Bus System Message Bus Socket.
[[0;32m  OK  [0m] Closed Syslog Socket.
[[0;32m  OK  [0m] Stopped target System Initialization.
[[0;32m  OK  [0m] Stopped Initial cloud-init job (metadata service crawler).
         Stopping Load/Save Random Seed...
[[0;32m  OK  [0m] Stopped target Local Encrypted Volumes.
[[0;32m  OK  [0m] Stopped Dispatch Password Requests to Console Directory Watch.
[[0;32m  OK  [0m] Stopped Forward Password Requests to Wall Directory Watch.
         Stopping Update UTMP about System Boot/Shutdown...
[[0;32m  OK  [0m] Stopped target Slices.
[[0;32m  OK  [0m] Removed slice User and Session Slice.
[[0;32m  OK  [0m] Stopped Network Name Resolution.
[[0;32m  OK  [0m] Stopped Load/Save Random Seed.
         Stopping Network Service...
[[0;32m  OK  [0m] Stopped Update UTMP about System Boot/Shutdown.
[[0;32m  OK  [0m] Stopped Network Service.
[[0;32m  OK  [0m] Stopped Apply Kernel Variables.
[[0;32m  OK  [0m] Stopped Load Kernel Modules.
[[0;32m  OK  [0m] Stopped target Network (Pre).
[[0;32m  OK  [0m] Stopped Initial cloud-init job (pre-networking).
[[0;32m  OK  [0m] Stopped Create Volatile Files and Directories.
[[0;32m  OK  [0m] Stopped target Local File Systems.
         Unmounting /run/user/1000...
[[0;32m  OK  [0m] Unmounted /run/user/1000.
[[0;32m  OK  [0m] Reached target Unmount All Filesystems.
[[0;32m  OK  [0m] Stopped target Swap.
[[0;32m  OK  [0m] Stopped target Local File Systems (Pre).
         Stopping Monitoring of LVM2 mirrors…ng dmeventd or progress polling...
[[0;32m  OK  [0m] Stopped Remount Root and Kernel File Systems.
[[0;32m  OK  [0m] Stopped Create Static Device Nodes in /dev.
[[0;32m  OK  [0m] Reached target Shutdown.
[[0;32m  OK  [0m] Reached target Final Step.
         Starting Power-Off...
[[0;32m  OK  [0m] Stopped Monitoring of LVM2 mirrors,…sing dmeventd or progress polling.
         Stopping LVM2 metadata daemon...
[[0;32m  OK  [0m] Stopped LVM2 metadata daemon.
[21107.447744] reboot: Power down
